\BOOKMARK [0][-]{chapter*.1}{\376\377\000A\000b\000s\000t\000r\000a\000c\000t}{}% 1
\BOOKMARK [0][-]{chapter.1}{\376\377\000I\000n\000t\000r\000o\000d\000u\000c\000t\000i\000o\000n}{}% 2
\BOOKMARK [1][-]{section.1.1}{\376\377\000C\000o\000u\000r\000s\000e\000\040\000o\000v\000e\000r\000v\000i\000e\000w}{chapter.1}% 3
\BOOKMARK [2][-]{subsection.1.1.1}{\376\377\000A\000s\000s\000e\000s\000s\000m\000e\000n\000t}{section.1.1}% 4
\BOOKMARK [1][-]{section.1.2}{\376\377\000T\000h\000e\000\040\000c\000o\000n\000v\000e\000r\000s\000a\000t\000i\000o\000n\000a\000l\000\040\000d\000i\000g\000i\000t\000a\000l\000\040\000c\000h\000a\000r\000a\000c\000t\000e\000r\000\040\000p\000i\000p\000e\000l\000i\000n\000e}{chapter.1}% 5
\BOOKMARK [2][-]{subsection.1.2.1}{\376\377\000D\000i\000a\000l\000o\000g\000u\000e\000\040\000t\000r\000e\000e\000s\000\040\000v\000e\000r\000s\000u\000s\000\040\000l\000a\000n\000g\000u\000a\000g\000e\000\040\000m\000o\000d\000e\000l\000s}{section.1.2}% 6
\BOOKMARK [1][-]{section.1.3}{\376\377\000C\000o\000u\000r\000s\000e\000\040\000m\000a\000p}{chapter.1}% 7
\BOOKMARK [1][-]{section.1.4}{\376\377\000U\000s\000e\000\040\000c\000a\000s\000e\000s\000\040\000a\000n\000d\000\040\000m\000o\000t\000i\000v\000a\000t\000i\000o\000n}{chapter.1}% 8
\BOOKMARK [1][-]{section.1.5}{\376\377\000H\000i\000s\000t\000o\000r\000i\000c\000a\000l\000\040\000n\000o\000t\000e\000\040\000o\000n\000\040\000s\000p\000e\000e\000c\000h\000\040\000s\000y\000n\000t\000h\000e\000s\000i\000s}{chapter.1}% 9
\BOOKMARK [1][-]{section.1.6}{\376\377\000E\000x\000a\000m\000\040\000o\000r\000i\000e\000n\000t\000a\000t\000i\000o\000n}{chapter.1}% 10
\BOOKMARK [0][-]{chapter.2}{\376\377\000A\000f\000f\000e\000c\000t\000i\000v\000e\000\040\000C\000o\000m\000p\000u\000t\000i\000n\000g}{}% 11
\BOOKMARK [1][-]{section.2.1}{\376\377\000W\000h\000a\000t\000\040\000i\000s\000\040\000a\000f\000f\000e\000c\000t\000?}{chapter.2}% 12
\BOOKMARK [1][-]{section.2.2}{\376\377\000T\000h\000e\000o\000r\000i\000e\000s\000\040\000o\000f\000\040\000e\000m\000o\000t\000i\000o\000n}{chapter.2}% 13
\BOOKMARK [2][-]{subsection.2.2.1}{\376\377\000J\000a\000m\000e\000s\040\023\000L\000a\000n\000g\000e\000\040\000t\000h\000e\000o\000r\000y}{section.2.2}% 14
\BOOKMARK [2][-]{subsection.2.2.2}{\376\377\000C\000a\000n\000n\000o\000n\040\023\000B\000a\000r\000d\000\040\000t\000h\000e\000o\000r\000y}{section.2.2}% 15
\BOOKMARK [2][-]{subsection.2.2.3}{\376\377\000S\000c\000h\000a\000c\000h\000t\000e\000r\040\023\000S\000i\000n\000g\000e\000r\000\040\000\050\000t\000w\000o\000-\000f\000a\000c\000t\000o\000r\000\051\000\040\000t\000h\000e\000o\000r\000y}{section.2.2}% 16
\BOOKMARK [2][-]{subsection.2.2.4}{\376\377\000D\000i\000m\000e\000n\000s\000i\000o\000n\000a\000l\000\040\000m\000o\000d\000e\000l\000s}{section.2.2}% 17
\BOOKMARK [2][-]{subsection.2.2.5}{\376\377\000B\000a\000s\000i\000c\000\040\000e\000m\000o\000t\000i\000o\000n\000s}{section.2.2}% 18
\BOOKMARK [1][-]{section.2.3}{\376\377\000E\000m\000o\000t\000i\000o\000n\000\040\000r\000e\000c\000o\000g\000n\000i\000t\000i\000o\000n\000\040\000m\000o\000d\000a\000l\000i\000t\000i\000e\000s}{chapter.2}% 19
\BOOKMARK [1][-]{section.2.4}{\376\377\000V\000i\000d\000e\000o\000-\000b\000a\000s\000e\000d\000\040\000f\000e\000a\000t\000u\000r\000e\000s}{chapter.2}% 20
\BOOKMARK [2][-]{subsection.2.4.1}{\376\377\000A\000c\000t\000i\000o\000n\000\040\000U\000n\000i\000t\000s\000\040\000\050\000A\000U\000s\000\051}{section.2.4}% 21
\BOOKMARK [2][-]{subsection.2.4.2}{\376\377\000E\000y\000e\000\040\000b\000l\000i\000n\000k\000s\000\040\000a\000n\000d\000\040\000g\000a\000z\000e}{section.2.4}% 22
\BOOKMARK [2][-]{subsection.2.4.3}{\376\377\000M\000o\000u\000t\000h\000\040\000A\000s\000p\000e\000c\000t\000\040\000R\000a\000t\000i\000o\000\040\000\050\000M\000A\000R\000\051}{section.2.4}% 23
\BOOKMARK [2][-]{subsection.2.4.4}{\376\377\000F\000i\000d\000g\000e\000t\000i\000n\000g}{section.2.4}% 24
\BOOKMARK [1][-]{section.2.5}{\376\377\000B\000i\000o\000s\000e\000n\000s\000o\000r\000s}{chapter.2}% 25
\BOOKMARK [2][-]{subsection.2.5.1}{\376\377\000C\000a\000r\000d\000i\000a\000c\000\040\000s\000i\000g\000n\000a\000l\000s}{section.2.5}% 26
\BOOKMARK [2][-]{subsection.2.5.2}{\376\377\000S\000k\000i\000n\000\040\000c\000o\000n\000d\000u\000c\000t\000a\000n\000c\000e}{section.2.5}% 27
\BOOKMARK [1][-]{section.2.6}{\376\377\000A\000r\000t\000i\000f\000a\000c\000t\000\040\000d\000e\000t\000e\000c\000t\000i\000o\000n\000\040\000i\000n\000\040\000R\040\023\000R\000\040\000i\000n\000t\000e\000r\000v\000a\000l\000s}{chapter.2}% 28
\BOOKMARK [1][-]{section.2.7}{\376\377\000G\000r\000o\000u\000n\000d\000\040\000t\000r\000u\000t\000h\000\040\000a\000n\000d\000\040\000c\000l\000a\000s\000s\000i\000f\000i\000c\000a\000t\000i\000o\000n}{chapter.2}% 29
\BOOKMARK [1][-]{section.2.8}{\376\377\000I\000n\000t\000e\000g\000r\000a\000t\000i\000o\000n\000\040\000w\000i\000t\000h\000\040\000d\000i\000g\000i\000t\000a\000l\000\040\000c\000h\000a\000r\000a\000c\000t\000e\000r\000s}{chapter.2}% 30
\BOOKMARK [0][-]{chapter.3}{\376\377\000D\000e\000e\000p\000\040\000L\000e\000a\000r\000n\000i\000n\000g\000\040\000P\000r\000e\000l\000i\000m\000i\000n\000a\000r\000i\000e\000s}{}% 31
\BOOKMARK [1][-]{section.3.1}{\376\377\000T\000h\000e\000\040\000n\000e\000u\000r\000a\000l\000\040\000n\000e\000t\000w\000o\000r\000k\000\040\000u\000n\000i\000t}{chapter.3}% 32
\BOOKMARK [1][-]{section.3.2}{\376\377\000F\000e\000e\000d\000f\000o\000r\000w\000a\000r\000d\000\040\000n\000e\000t\000w\000o\000r\000k\000s}{chapter.3}% 33
\BOOKMARK [1][-]{section.3.3}{\376\377\000R\000e\000c\000u\000r\000r\000e\000n\000t\000\040\000N\000e\000u\000r\000a\000l\000\040\000N\000e\000t\000w\000o\000r\000k\000s\000\040\000\050\000R\000N\000N\000s\000\051}{chapter.3}% 34
\BOOKMARK [2][-]{subsection.3.3.1}{\376\377\000U\000s\000e\000s}{section.3.3}% 35
\BOOKMARK [2][-]{subsection.3.3.2}{\376\377\000V\000a\000n\000i\000s\000h\000i\000n\000g\000\040\000g\000r\000a\000d\000i\000e\000n\000t\000s\000\040\000a\000n\000d\000\040\000L\000S\000T\000M}{section.3.3}% 36
\BOOKMARK [2][-]{subsection.3.3.3}{\376\377\000B\000i\000d\000i\000r\000e\000c\000t\000i\000o\000n\000a\000l\000\040\000a\000n\000d\000\040\000s\000t\000a\000c\000k\000e\000d\000\040\000R\000N\000N\000s}{section.3.3}% 37
\BOOKMARK [1][-]{section.3.4}{\376\377\000E\000n\000c\000o\000d\000e\000r\040\023\000d\000e\000c\000o\000d\000e\000r\000\040\000m\000o\000d\000e\000l\000s}{chapter.3}% 38
\BOOKMARK [1][-]{section.3.5}{\376\377\000A\000t\000t\000e\000n\000t\000i\000o\000n\000\040\000m\000e\000c\000h\000a\000n\000i\000s\000m}{chapter.3}% 39
\BOOKMARK [2][-]{subsection.3.5.1}{\376\377\000S\000e\000l\000f\000-\000a\000t\000t\000e\000n\000t\000i\000o\000n\000\040\000a\000n\000d\000\040\000c\000r\000o\000s\000s\000-\000a\000t\000t\000e\000n\000t\000i\000o\000n}{section.3.5}% 40
\BOOKMARK [1][-]{section.3.6}{\376\377\000T\000r\000a\000n\000s\000f\000o\000r\000m\000e\000r\000s}{chapter.3}% 41
\BOOKMARK [2][-]{subsection.3.6.1}{\376\377\000P\000o\000s\000i\000t\000i\000o\000n\000a\000l\000\040\000e\000n\000c\000o\000d\000i\000n\000g}{section.3.6}% 42
\BOOKMARK [2][-]{subsection.3.6.2}{\376\377\000E\000n\000c\000o\000d\000e\000r\000\040\000a\000n\000d\000\040\000d\000e\000c\000o\000d\000e\000r\000\040\000s\000t\000a\000c\000k\000s}{section.3.6}% 43
\BOOKMARK [1][-]{section.3.7}{\376\377\000W\000h\000y\000\040\000t\000h\000i\000s\000\040\000m\000a\000t\000t\000e\000r\000s\000\040\000f\000o\000r\000\040\000d\000i\000g\000i\000t\000a\000l\000\040\000c\000h\000a\000r\000a\000c\000t\000e\000r\000s}{chapter.3}% 44
\BOOKMARK [0][-]{chapter.4}{\376\377\000S\000p\000e\000e\000c\000h\000\040\000R\000e\000c\000o\000g\000n\000i\000t\000i\000o\000n}{}% 45
\BOOKMARK [1][-]{section.4.1}{\376\377\000P\000h\000o\000n\000e\000t\000i\000c\000s\000\040\000a\000n\000d\000\040\000p\000i\000t\000c\000h}{chapter.4}% 46
\BOOKMARK [1][-]{section.4.2}{\376\377\000F\000e\000a\000t\000u\000r\000e\000\040\000e\000x\000t\000r\000a\000c\000t\000i\000o\000n\000\040\000p\000i\000p\000e\000l\000i\000n\000e}{chapter.4}% 47
\BOOKMARK [2][-]{subsection.4.2.1}{\376\377\000W\000i\000n\000d\000o\000w\000i\000n\000g\000\040\000a\000n\000d\000\040\000t\000h\000e\000\040\000D\000F\000T}{section.4.2}% 48
\BOOKMARK [2][-]{subsection.4.2.2}{\376\377\000M\000e\000l\000\040\000f\000i\000l\000t\000e\000r\000\040\000b\000a\000n\000k}{section.4.2}% 49
\BOOKMARK [2][-]{subsection.4.2.3}{\376\377\000A\000u\000g\000m\000e\000n\000t\000a\000t\000i\000o\000n}{section.4.2}% 50
\BOOKMARK [1][-]{section.4.3}{\376\377\000A\000n\000a\000l\000o\000g\000-\000t\000o\000-\000d\000i\000g\000i\000t\000a\000l\000\040\000c\000o\000n\000v\000e\000r\000s\000i\000o\000n}{chapter.4}% 51
\BOOKMARK [1][-]{section.4.4}{\376\377\000A\000c\000o\000u\000s\000t\000i\000c\000\040\000m\000o\000d\000e\000l\000i\000n\000g\000\040\000a\000r\000c\000h\000i\000t\000e\000c\000t\000u\000r\000e\000s}{chapter.4}% 52
\BOOKMARK [2][-]{subsection.4.4.1}{\376\377\000E\000n\000c\000o\000d\000e\000r\040\023\000d\000e\000c\000o\000d\000e\000r\000\040\000w\000i\000t\000h\000\040\000s\000u\000b\000s\000a\000m\000p\000l\000i\000n\000g}{section.4.4}% 53
\BOOKMARK [2][-]{subsection.4.4.2}{\376\377\000C\000o\000n\000n\000e\000c\000t\000i\000o\000n\000i\000s\000t\000\040\000T\000e\000m\000p\000o\000r\000a\000l\000\040\000C\000l\000a\000s\000s\000i\000f\000i\000c\000a\000t\000i\000o\000n\000\040\000\050\000C\000T\000C\000\051}{section.4.4}% 54
\BOOKMARK [2][-]{subsection.4.4.3}{\376\377\000R\000N\000N\000\040\000T\000r\000a\000n\000s\000d\000u\000c\000e\000r\000\040\000\050\000R\000N\000N\000-\000T\000\051}{section.4.4}% 55
\BOOKMARK [2][-]{subsection.4.4.4}{\376\377\000W\000h\000i\000s\000p\000e\000r}{section.4.4}% 56
\BOOKMARK [1][-]{section.4.5}{\376\377\000W\000o\000r\000d\000\040\000E\000r\000r\000o\000r\000\040\000R\000a\000t\000e\000\040\000\050\000W\000E\000R\000\051}{chapter.4}% 57
\BOOKMARK [1][-]{section.4.6}{\376\377\000P\000r\000o\000s\000o\000d\000y\000\040\000c\000o\000n\000n\000e\000c\000t\000i\000o\000n}{chapter.4}% 58
\BOOKMARK [1][-]{section.4.7}{\376\377\000R\000o\000l\000e\000\040\000i\000n\000\040\000t\000h\000e\000\040\000d\000i\000g\000i\000t\000a\000l\000\040\000c\000h\000a\000r\000a\000c\000t\000e\000r\000\040\000p\000i\000p\000e\000l\000i\000n\000e}{chapter.4}% 59
